<?xml version="1.0" encoding="UTF-8"?>
<!-- Generated by org.testng.reporters.JUnitReportReporter -->
<testsuite hostname="LAPTOP-5K6Q4QC2" failures="0" tests="1" name="com.PageTests.contextMenuTest" time="4.420" errors="0" timestamp="2023-08-05T03:45:01 EDT" skipped="0">
  <testcase classname="com.PageTests.contextMenuTest" name="verifyContextMenuTest" time="4.420"/>
  <system-out/>
</testsuite> <!-- com.PageTests.contextMenuTest -->
