<?xml version="1.0" encoding="UTF-8"?>
<!-- Generated by org.testng.reporters.JUnitReportReporter -->
<testsuite hostname="LAPTOP-5K6Q4QC2" failures="0" tests="1" name="com.PageTests.checkBoxTest" time="4.517" errors="0" timestamp="2023-08-04T04:43:41 EDT" skipped="0">
  <testcase classname="com.PageTests.checkBoxTest" name="verifyCheckBoxLinkTest" time="4.517"/>
  <system-out/>
</testsuite> <!-- com.PageTests.checkBoxTest -->
