<?xml version="1.0" encoding="UTF-8"?>
<!-- Generated by org.testng.reporters.JUnitReportReporter -->
<testsuite hostname="LAPTOP-5K6Q4QC2" failures="0" tests="1" name="com.PageTests.entryAdTest" time="3.473" errors="0" timestamp="2023-11-29T03:03:47 EST" skipped="0">
  <testcase classname="com.PageTests.entryAdTest" name="verifyEntryAdTest" time="3.473"/>
  <system-out/>
</testsuite> <!-- com.PageTests.entryAdTest -->
