<?xml version="1.0" encoding="UTF-8"?>
<!-- Generated by org.testng.reporters.JUnitReportReporter -->
<testsuite hostname="LAPTOP-5K6Q4QC2" failures="0" tests="1" name="com.PageTests.upLoadFileTest" time="3.017" errors="0" timestamp="2023-11-30T02:46:11 EST" skipped="0">
  <testcase classname="com.PageTests.upLoadFileTest" name="getUploadFileTest" time="3.017"/>
  <system-out/>
</testsuite> <!-- com.PageTests.upLoadFileTest -->
