<?xml version="1.0" encoding="UTF-8"?>
<!-- Generated by org.testng.reporters.JUnitReportReporter -->
<testsuite hostname="LAPTOP-5K6Q4QC2" failures="0" tests="1" name="com.PageTests.dragAndDropTest" time="22.533" errors="0" timestamp="2023-08-05T04:10:44 EDT" skipped="0">
  <testcase classname="com.PageTests.dragAndDropTest" name="verifyDragAndDropTest" time="22.533"/>
  <system-out/>
</testsuite> <!-- com.PageTests.dragAndDropTest -->
