<?xml version="1.0" encoding="UTF-8"?>
<!-- Generated by org.testng.reporters.JUnitReportReporter -->
<testsuite hostname="LAPTOP-5K6Q4QC2" failures="0" tests="1" name="com.PageTests.fileDownloaderTest" time="2.977" errors="0" timestamp="2023-11-29T03:45:30 EST" skipped="0">
  <testcase classname="com.PageTests.fileDownloaderTest" name="verifyFileDownloaderTest" time="2.977"/>
  <system-out/>
</testsuite> <!-- com.PageTests.fileDownloaderTest -->
