<?xml version="1.0" encoding="UTF-8"?>
<!-- Generated by org.testng.reporters.JUnitReportReporter -->
<testsuite hostname="LAPTOP-5K6Q4QC2" failures="0" tests="1" name="com.PageTests.brokinImageTest" time="4.445" errors="0" timestamp="2023-08-04T04:43:41 EDT" skipped="0">
  <testcase classname="com.PageTests.brokinImageTest" name="validateBrokinImgLinkTest" time="4.445"/>
  <system-out/>
</testsuite> <!-- com.PageTests.brokinImageTest -->
