<?xml version="1.0" encoding="UTF-8"?>
<!-- Generated by org.testng.reporters.JUnitReportReporter -->
<testsuite hostname="LAPTOP-5K6Q4QC2" failures="0" tests="2" name="com.PageTests.homePageTest" time="6.556" errors="0" timestamp="2023-08-04T04:43:41 EDT" skipped="0">
  <testcase classname="com.PageTests.homePageTest" name="verifyTitleOfHomePageTest" time="3.114"/>
  <system-out/>
  <testcase classname="com.PageTests.homePageTest" name="verifyHeaderOfHomePageTest" time="3.442"/>
  <system-out/>
</testsuite> <!-- com.PageTests.homePageTest -->
