<?xml version="1.0" encoding="UTF-8"?>
<!-- Generated by org.testng.reporters.JUnitReportReporter -->
<testsuite hostname="LAPTOP-5K6Q4QC2" failures="0" tests="1" name="com.PageTests.disapearingElementTest" time="5.151" errors="0" timestamp="2023-08-05T03:45:01 EDT" skipped="0">
  <testcase classname="com.PageTests.disapearingElementTest" name="verifyDisapearingElementTest" time="5.151"/>
  <system-out/>
</testsuite> <!-- com.PageTests.disapearingElementTest -->
