<?xml version="1.0" encoding="UTF-8"?>
<!-- Generated by org.testng.reporters.JUnitReportReporter -->
<testsuite hostname="LAPTOP-5K6Q4QC2" failures="0" tests="1" name="com.PageTests.dropdownTest" time="8.556" errors="0" timestamp="2023-08-08T04:11:37 EDT" skipped="0">
  <testcase classname="com.PageTests.dropdownTest" name="verifyDropDownTest" time="8.556"/>
  <system-out/>
</testsuite> <!-- com.PageTests.dropdownTest -->
