<?xml version="1.0" encoding="UTF-8"?>
<!-- Generated by org.testng.reporters.JUnitReportReporter -->
<testsuite hostname="LAPTOP-5K6Q4QC2" failures="0" tests="1" name="com.PageTests.dynamicContentTest" time="3.421" errors="0" timestamp="2023-08-11T03:16:46 EDT" skipped="0">
  <testcase classname="com.PageTests.dynamicContentTest" name="verifyDynamicContentTest" time="3.421"/>
  <system-out/>
</testsuite> <!-- com.PageTests.dynamicContentTest -->
