<?xml version="1.0" encoding="UTF-8"?>
<!-- Generated by org.testng.reporters.JUnitReportReporter -->
<testsuite hostname="LAPTOP-5K6Q4QC2" failures="0" tests="3" name="com.PageTests.addRemovePageTest" time="10.306" errors="0" timestamp="2023-08-04T04:43:41 EDT" skipped="0">
  <testcase classname="com.PageTests.addRemovePageTest" name="verifyAddRemoveLinkTest" time="2.858"/>
  <system-out/>
  <testcase classname="com.PageTests.addRemovePageTest" name="verifyHeaderOfAddRemovePageTest" time="3.088"/>
  <system-out/>
  <testcase classname="com.PageTests.addRemovePageTest" name="verifyAddLinkTest" time="4.360"/>
  <system-out/>
</testsuite> <!-- com.PageTests.addRemovePageTest -->
