<?xml version="1.0" encoding="UTF-8"?>
<!-- Generated by org.testng.reporters.JUnitReportReporter -->
<testsuite hostname="LAPTOP-5K6Q4QC2" failures="0" tests="1" name="com.PageTests.entryAdTest" time="4.156" errors="0" timestamp="2023-08-17T03:16:11 EDT" skipped="0">
  <testcase classname="com.PageTests.entryAdTest" name="verifyEntryAdTest" time="4.156"/>
  <system-out/>
</testsuite> <!-- com.PageTests.entryAdTest -->
