<?xml version="1.0" encoding="UTF-8"?>
<!-- Generated by org.testng.reporters.JUnitReportReporter -->
<testsuite hostname="LAPTOP-5K6Q4QC2" failures="0" tests="1" name="com.PageTests.dynamicLoadingTest" time="3.598" errors="0" timestamp="2023-08-17T02:38:08 EDT" skipped="0">
  <testcase classname="com.PageTests.dynamicLoadingTest" name="verifyDynamicLoadingTest" time="3.598"/>
  <system-out/>
</testsuite> <!-- com.PageTests.dynamicLoadingTest -->
